<?xml version="1.0" encoding="UTF-8"?>
<testng-results ignored="0" total="2" passed="2" failed="0" skipped="0">
  <reporter-output>
  </reporter-output>
  <suite started-at="2021-06-24T23:24:33 EDT" name="Default suite" finished-at="2021-06-24T23:24:59 EDT" duration-ms="25535">
    <groups>
    </groups>
    <test started-at="2021-06-24T23:24:33 EDT" name="Default test" finished-at="2021-06-24T23:24:59 EDT" duration-ms="25535">
      <class name="Auto.Jatt">
        <test-method is-config="true" signature="setUpClass()[pri:0, instance:Auto.Jatt@4da4253]" started-at="2021-06-24T23:24:33 EDT" name="setUpClass" finished-at="2021-06-24T23:24:33 EDT" duration-ms="32" status="PASS">
          <reporter-output>
          </reporter-output>
        </test-method> <!-- setUpClass -->
        <test-method signature="buttons()[pri:0, instance:Auto.Jatt@4da4253]" started-at="2021-06-24T23:24:33 EDT" name="buttons" finished-at="2021-06-24T23:24:47 EDT" duration-ms="13387" status="PASS">
          <reporter-output>
          </reporter-output>
        </test-method> <!-- buttons -->
        <test-method signature="imagess()[pri:0, instance:Auto.Jatt@4da4253]" started-at="2021-06-24T23:24:47 EDT" name="imagess" finished-at="2021-06-24T23:24:59 EDT" duration-ms="11928" status="PASS">
          <reporter-output>
          </reporter-output>
        </test-method> <!-- imagess -->
      </class> <!-- Auto.Jatt -->
    </test> <!-- Default test -->
  </suite> <!-- Default suite -->
</testng-results>
